<?xml version="1.0" encoding="UTF-8"?>
<!-- Generated by org.testng.reporters.JUnitXMLReporter -->
<testsuite ignored="0" hostname="IN2204756W2" failures="1" tests="1" name="Login Test" time="0.061" errors="0" timestamp="05 Feb 2019 15:39:57 GMT">
  <testcase classname="com.w2a.appium.testcases.TestConnectLoginScreen" name="TestLogin" time="0.017">
    <failure type="java.lang.NullPointerException">
      <![CDATA[java.lang.NullPointerException
at com.w2a.appium.testcases.TestConnectLoginScreen.TestLogin(TestConnectLoginScreen.java:24)
... Removed 25 stack frames]]>
    </failure>
  </testcase> <!-- TestLogin -->
</testsuite> <!-- Login Test -->
