<?xml version="1.0" encoding="UTF-8"?>
<testng-results ignored="0" total="3" passed="3" failed="0" skipped="0">
  <reporter-output>
  </reporter-output>
  <suite started-at="2021-03-03T19:01:07Z" name="Suite" finished-at="2021-03-03T19:04:54Z" duration-ms="227193">
    <groups>
    </groups>
    <test started-at="2021-03-03T19:01:07Z" name="Invalid Login Test" finished-at="2021-03-03T19:02:35Z" duration-ms="88258">
      <class name="com.w2a.appium.testcases.Test_InvalidLogin">
        <test-method signature="testInvalidLogin(java.lang.String, java.lang.String)[pri:0, instance:com.w2a.appium.testcases.Test_InvalidLogin@26ceffa8]" started-at="2021-03-03T19:01:07Z" name="testInvalidLogin" data-provider="TestData" finished-at="2021-03-03T19:02:35Z" duration-ms="88199" status="PASS">
          <params>
            <param index="0">
              <value>
                <![CDATA[ft]]>
              </value>
            </param>
            <param index="1">
              <value>
                <![CDATA[ft]]>
              </value>
            </param>
          </params>
          <reporter-output>
          </reporter-output>
        </test-method> <!-- testInvalidLogin -->
      </class> <!-- com.w2a.appium.testcases.Test_InvalidLogin -->
    </test> <!-- Invalid Login Test -->
    <test started-at="2021-03-03T19:02:36Z" name="Valid Login Test" finished-at="2021-03-03T19:03:43Z" duration-ms="67612">
      <class name="com.w2a.appium.testcases.Test_ValidLogin">
        <test-method signature="testValidLogin(java.lang.String, java.lang.String)[pri:0, instance:com.w2a.appium.testcases.Test_ValidLogin@141e5bef]" started-at="2021-03-03T19:02:36Z" name="testValidLogin" data-provider="InputData" finished-at="2021-03-03T19:03:43Z" duration-ms="67605" status="PASS">
          <params>
            <param index="0">
              <value>
                <![CDATA[standard_user]]>
              </value>
            </param>
            <param index="1">
              <value>
                <![CDATA[secret_sauce]]>
              </value>
            </param>
          </params>
          <reporter-output>
          </reporter-output>
        </test-method> <!-- testValidLogin -->
      </class> <!-- com.w2a.appium.testcases.Test_ValidLogin -->
    </test> <!-- Valid Login Test -->
    <test started-at="2021-03-03T19:03:43Z" name="Product Listing Test" finished-at="2021-03-03T19:04:54Z" duration-ms="71175">
      <class name="com.w2a.appium.testcases.Test_ProductListing">
        <test-method signature="productValidation()[pri:0, instance:com.w2a.appium.testcases.Test_ProductListing@7b420819]" started-at="2021-03-03T19:03:43Z" name="productValidation" finished-at="2021-03-03T19:04:54Z" duration-ms="71171" status="PASS">
          <reporter-output>
          </reporter-output>
        </test-method> <!-- productValidation -->
      </class> <!-- com.w2a.appium.testcases.Test_ProductListing -->
    </test> <!-- Product Listing Test -->
  </suite> <!-- Suite -->
</testng-results>
